<?xml version="1.0" encoding="UTF-8"?>
<!-- Generated by org.testng.reporters.JUnitReportReporter -->
<testsuite hostname="DESKTOP-SDNLCRM" name="test.com.CarTest" tests="1" failures="0" timestamp="8 Feb 2020 22:28:25 GMT" time="0.168" errors="0">
  <testcase name="testcar" time="0.168" classname="test.com.CarTest"/>
</testsuite> <!-- test.com.CarTest -->
